<?xml version="1.0" encoding="UTF-8"?>
<testng-results ignored="0" total="1" passed="1" failed="0" skipped="0">
  <reporter-output>
  </reporter-output>
  <suite started-at="2019-01-28T00:45:40Z" name="Default suite" finished-at="2019-01-28T00:45:49Z" duration-ms="9539">
    <groups>
    </groups>
    <test started-at="2019-01-28T00:45:40Z" name="Default test" finished-at="2019-01-28T00:45:49Z" duration-ms="9539">
      <class name="com.test.TWG.Tests.TC_Register_002">
        <test-method is-config="true" signature="setUp()[pri:0, instance:com.test.TWG.Tests.TC_Register_002@156b88f5]" started-at="2019-01-28T00:45:40Z" name="setUp" finished-at="2019-01-28T00:45:47Z" duration-ms="7355" status="PASS">
          <reporter-output>
          </reporter-output>
        </test-method> <!-- setUp -->
        <test-method signature="registerUser()[pri:0, instance:com.test.TWG.Tests.TC_Register_002@156b88f5]" started-at="2019-01-28T00:45:47Z" name="registerUser" finished-at="2019-01-28T00:45:49Z" duration-ms="2115" status="PASS">
          <reporter-output>
          </reporter-output>
        </test-method> <!-- registerUser -->
        <test-method is-config="true" signature="tearDown()[pri:0, instance:com.test.TWG.Tests.TC_Register_002@156b88f5]" started-at="2019-01-28T00:45:49Z" name="tearDown" finished-at="2019-01-28T00:45:49Z" duration-ms="27" status="FAIL">
          <exception class="org.openqa.selenium.NoSuchSessionException">
            <message>
              <![CDATA[A session is either terminated or not started
Build info: version: '3.141.59', revision: 'e82be7d358', time: '2018-11-14T08:17:03'
System info: host: 'Rameshs-Air', ip: '2a02:c7d:2d48:c900:9c2e:c4f3:c878:769b%en0', os.name: 'Mac OS X', os.arch: 'x86_64', os.version: '10.14.2', java.version: '11.0.1'
Driver info: io.appium.java_client.android.AndroidDriver
Capabilities {appActivity: nz.co.thewarehouse.wow.Main..., appPackage: nz.co.thewarehouse.wow.qat, databaseEnabled: false, desired: {appActivity: nz.co.thewarehouse.wow.Main..., appPackage: nz.co.thewarehouse.wow.qat, deviceName: Samsung, newCommandTimeout: 1200, platformName: android, platformVersion: 8.0.0, udid: ad07160308518ea20f}, deviceManufacturer: samsung, deviceModel: SM-G935F, deviceName: ad07160308518ea20f, deviceScreenSize: 1440x2560, deviceUDID: ad07160308518ea20f, javascriptEnabled: true, locationContextEnabled: false, networkConnectionEnabled: true, newCommandTimeout: 1200, platform: LINUX, platformName: Android, platformVersion: 8.0.0, takesScreenshot: true, udid: ad07160308518ea20f, warnings: {}, webStorageEnabled: false}
Session ID: 0402591e-448d-4e16-872f-94bb411262f4]]>
            </message>
            <full-stacktrace>
              <![CDATA[org.openqa.selenium.NoSuchSessionException: A session is either terminated or not started
Build info: version: '3.141.59', revision: 'e82be7d358', time: '2018-11-14T08:17:03'
System info: host: 'Rameshs-Air', ip: '2a02:c7d:2d48:c900:9c2e:c4f3:c878:769b%en0', os.name: 'Mac OS X', os.arch: 'x86_64', os.version: '10.14.2', java.version: '11.0.1'
Driver info: io.appium.java_client.android.AndroidDriver
Capabilities {appActivity: nz.co.thewarehouse.wow.Main..., appPackage: nz.co.thewarehouse.wow.qat, databaseEnabled: false, desired: {appActivity: nz.co.thewarehouse.wow.Main..., appPackage: nz.co.thewarehouse.wow.qat, deviceName: Samsung, newCommandTimeout: 1200, platformName: android, platformVersion: 8.0.0, udid: ad07160308518ea20f}, deviceManufacturer: samsung, deviceModel: SM-G935F, deviceName: ad07160308518ea20f, deviceScreenSize: 1440x2560, deviceUDID: ad07160308518ea20f, javascriptEnabled: true, locationContextEnabled: false, networkConnectionEnabled: true, newCommandTimeout: 1200, platform: LINUX, platformName: Android, platformVersion: 8.0.0, takesScreenshot: true, udid: ad07160308518ea20f, warnings: {}, webStorageEnabled: false}
Session ID: 0402591e-448d-4e16-872f-94bb411262f4
at java.base/jdk.internal.reflect.NativeConstructorAccessorImpl.newInstance0(Native Method)
at java.base/jdk.internal.reflect.NativeConstructorAccessorImpl.newInstance(NativeConstructorAccessorImpl.java:62)
at java.base/jdk.internal.reflect.DelegatingConstructorAccessorImpl.newInstance(DelegatingConstructorAccessorImpl.java:45)
at java.base/java.lang.reflect.Constructor.newInstance(Constructor.java:490)
at org.openqa.selenium.remote.http.W3CHttpResponseCodec.createException(W3CHttpResponseCodec.java:187)
at org.openqa.selenium.remote.http.W3CHttpResponseCodec.decode(W3CHttpResponseCodec.java:122)
at org.openqa.selenium.remote.http.W3CHttpResponseCodec.decode(W3CHttpResponseCodec.java:49)
at org.openqa.selenium.remote.HttpCommandExecutor.execute(HttpCommandExecutor.java:158)
at io.appium.java_client.remote.AppiumCommandExecutor.execute(AppiumCommandExecutor.java:239)
at org.openqa.selenium.remote.RemoteWebDriver.execute(RemoteWebDriver.java:552)
at io.appium.java_client.DefaultGenericMobileDriver.execute(DefaultGenericMobileDriver.java:46)
at io.appium.java_client.AppiumDriver.execute(AppiumDriver.java:1)
at io.appium.java_client.android.AndroidDriver.execute(AndroidDriver.java:1)
at org.openqa.selenium.remote.RemoteWebDriver.close(RemoteWebDriver.java:442)
at com.test.TWG.Tests.BaseClass.tearDown(BaseClass.java:41)
at java.base/jdk.internal.reflect.NativeMethodAccessorImpl.invoke0(Native Method)
at java.base/jdk.internal.reflect.NativeMethodAccessorImpl.invoke(NativeMethodAccessorImpl.java:62)
at java.base/jdk.internal.reflect.DelegatingMethodAccessorImpl.invoke(DelegatingMethodAccessorImpl.java:43)
at java.base/java.lang.reflect.Method.invoke(Method.java:566)
at org.testng.internal.MethodInvocationHelper.invokeMethod(MethodInvocationHelper.java:124)
at org.testng.internal.MethodInvocationHelper.invokeMethodConsideringTimeout(MethodInvocationHelper.java:59)
at org.testng.internal.Invoker.invokeConfigurationMethod(Invoker.java:458)
at org.testng.internal.Invoker.invokeConfigurations(Invoker.java:222)
at org.testng.internal.Invoker.invokeConfigurations(Invoker.java:142)
at org.testng.TestRunner.afterRun(TestRunner.java:725)
at org.testng.TestRunner.run(TestRunner.java:509)
at org.testng.SuiteRunner.runTest(SuiteRunner.java:455)
at org.testng.SuiteRunner.runSequentially(SuiteRunner.java:450)
at org.testng.SuiteRunner.privateRun(SuiteRunner.java:415)
at org.testng.SuiteRunner.run(SuiteRunner.java:364)
at org.testng.SuiteRunnerWorker.runSuite(SuiteRunnerWorker.java:52)
at org.testng.SuiteRunnerWorker.run(SuiteRunnerWorker.java:84)
at org.testng.TestNG.runSuitesSequentially(TestNG.java:1208)
at org.testng.TestNG.runSuitesLocally(TestNG.java:1137)
at org.testng.TestNG.runSuites(TestNG.java:1049)
at org.testng.TestNG.run(TestNG.java:1017)
at org.testng.remote.AbstractRemoteTestNG.run(AbstractRemoteTestNG.java:114)
at org.testng.remote.RemoteTestNG.initAndRun(RemoteTestNG.java:251)
at org.testng.remote.RemoteTestNG.main(RemoteTestNG.java:77)
]]>
            </full-stacktrace>
          </exception> <!-- org.openqa.selenium.NoSuchSessionException -->
          <reporter-output>
          </reporter-output>
        </test-method> <!-- tearDown -->
      </class> <!-- com.test.TWG.Tests.TC_Register_002 -->
    </test> <!-- Default test -->
  </suite> <!-- Default suite -->
</testng-results>
